Started by user Biswarup Nandi
Running in Durability level: MAX_SURVIVABILITY
[Pipeline] Start of Pipeline
[Pipeline] node
Running on Jenkins in /var/lib/jenkins/workspace/DevOps-Final-Assessment-Pipeline
[Pipeline] {
[Pipeline] stage
[Pipeline] { (Setup)
[Pipeline] echo
Biswarup Jenkins - Setup
[Pipeline] tool
[Pipeline] tool
[Pipeline] echo
Setup Completed
[Pipeline] }
[Pipeline] // stage
[Pipeline] stage
[Pipeline] { (Git Checkout)
[Pipeline] echo
Biswarup Jenkins - Git Checkout
[Pipeline] git
The recommended git tool is: NONE
No credentials specified
 > git rev-parse --resolve-git-dir /var/lib/jenkins/workspace/DevOps-Final-Assessment-Pipeline/.git # timeout=10
Fetching changes from the remote Git repository
 > git config remote.origin.url https://github.com/biswanandi/DevOpsFinalAssignment.git # timeout=10
Fetching upstream changes from https://github.com/biswanandi/DevOpsFinalAssignment.git
 > git --version # timeout=10
 > git --version # 'git version 2.17.1'
 > git fetch --tags --progress -- https://github.com/biswanandi/DevOpsFinalAssignment.git +refs/heads/*:refs/remotes/origin/* # timeout=10
 > git rev-parse refs/remotes/origin/master^{commit} # timeout=10
Checking out Revision ea12dbeb178f9b675baa1dbad74c76d9a307c4c8 (refs/remotes/origin/master)
 > git config core.sparsecheckout # timeout=10
 > git checkout -f ea12dbeb178f9b675baa1dbad74c76d9a307c4c8 # timeout=10
 > git branch -a -v --no-abbrev # timeout=10
 > git branch -D master # timeout=10
 > git checkout -b master ea12dbeb178f9b675baa1dbad74c76d9a307c4c8 # timeout=10
Commit message: "Repository moved to master branch"
 > git rev-list --no-walk ea12dbeb178f9b675baa1dbad74c76d9a307c4c8 # timeout=10
[Pipeline] echo
Git Checkout Completed
[Pipeline] }
[Pipeline] // stage
[Pipeline] stage
[Pipeline] { (Maven Packaging)
[Pipeline] echo
Biswarup Jenkins - Maven Packaging
[Pipeline] sh
+ /var/lib/jenkins/tools/hudson.tasks.Maven_MavenInstallation/maven-3/bin/mvn clean package
[INFO] Scanning for projects...
[INFO] 
[INFO] -----------------------< com.casestudy:bootcamp >-----------------------
[INFO] Building bootcamp 0.0.1-SNAPSHOT
[INFO] --------------------------------[ jar ]---------------------------------
[INFO] 
[INFO] --- maven-clean-plugin:3.1.0:clean (default-clean) @ bootcamp ---
[INFO] Deleting /var/lib/jenkins/workspace/DevOps-Final-Assessment-Pipeline/target
[INFO] 
[INFO] --- maven-resources-plugin:3.1.0:resources (default-resources) @ bootcamp ---
[INFO] Using 'UTF-8' encoding to copy filtered resources.
[INFO] Copying 1 resource
[INFO] Copying 1 resource
[INFO] 
[INFO] --- maven-compiler-plugin:3.8.1:compile (default-compile) @ bootcamp ---
[INFO] Changes detected - recompiling the module!
[INFO] Compiling 2 source files to /var/lib/jenkins/workspace/DevOps-Final-Assessment-Pipeline/target/classes
[INFO] 
[INFO] --- maven-resources-plugin:3.1.0:testResources (default-testResources) @ bootcamp ---
[INFO] Using 'UTF-8' encoding to copy filtered resources.
[INFO] skip non existing resourceDirectory /var/lib/jenkins/workspace/DevOps-Final-Assessment-Pipeline/src/test/resources
[INFO] 
[INFO] --- maven-compiler-plugin:3.8.1:testCompile (default-testCompile) @ bootcamp ---
[INFO] Changes detected - recompiling the module!
[INFO] Compiling 1 source file to /var/lib/jenkins/workspace/DevOps-Final-Assessment-Pipeline/target/test-classes
[INFO] 
[INFO] --- maven-surefire-plugin:2.22.2:test (default-test) @ bootcamp ---
[INFO] 
[INFO] -------------------------------------------------------
[INFO]  T E S T S
[INFO] -------------------------------------------------------
[INFO] Running com.TestMessageController
04:15:34.877 [main] DEBUG org.springframework.test.context.BootstrapUtils - Instantiating CacheAwareContextLoaderDelegate from class [org.springframework.test.context.cache.DefaultCacheAwareContextLoaderDelegate]
04:15:34.896 [main] DEBUG org.springframework.test.context.BootstrapUtils - Instantiating BootstrapContext using constructor [public org.springframework.test.context.support.DefaultBootstrapContext(java.lang.Class,org.springframework.test.context.CacheAwareContextLoaderDelegate)]
04:15:34.920 [main] DEBUG org.springframework.test.context.BootstrapUtils - Instantiating TestContextBootstrapper for test class [com.TestMessageController] from class [org.springframework.boot.test.context.SpringBootTestContextBootstrapper]
04:15:34.955 [main] INFO org.springframework.boot.test.context.SpringBootTestContextBootstrapper - Neither @ContextConfiguration nor @ContextHierarchy found for test class [com.TestMessageController], using SpringBootContextLoader
04:15:34.959 [main] DEBUG org.springframework.test.context.support.AbstractContextLoader - Did not detect default resource location for test class [com.TestMessageController]: class path resource [com/TestMessageController-context.xml] does not exist
04:15:34.960 [main] DEBUG org.springframework.test.context.support.AbstractContextLoader - Did not detect default resource location for test class [com.TestMessageController]: class path resource [com/TestMessageControllerContext.groovy] does not exist
04:15:34.960 [main] INFO org.springframework.test.context.support.AbstractContextLoader - Could not detect default resource locations for test class [com.TestMessageController]: no resource found for suffixes {-context.xml, Context.groovy}.
04:15:34.963 [main] INFO org.springframework.test.context.support.AnnotationConfigContextLoaderUtils - Could not detect default configuration classes for test class [com.TestMessageController]: TestMessageController does not declare any static, non-private, non-final, nested classes annotated with @Configuration.
04:15:35.005 [main] DEBUG org.springframework.test.context.support.ActiveProfilesUtils - Could not find an 'annotation declaring class' for annotation type [org.springframework.test.context.ActiveProfiles] and class [com.TestMessageController]
04:15:35.101 [main] DEBUG org.springframework.context.annotation.ClassPathScanningCandidateComponentProvider - Identified candidate component class: file [/var/lib/jenkins/workspace/DevOps-Final-Assessment-Pipeline/target/classes/com/Application.class]
04:15:35.107 [main] INFO org.springframework.boot.test.context.SpringBootTestContextBootstrapper - Found @SpringBootConfiguration com.Application for test class com.TestMessageController
04:15:35.195 [main] DEBUG org.springframework.boot.test.context.SpringBootTestContextBootstrapper - @TestExecutionListeners is not present for class [com.TestMessageController]: using defaults.
04:15:35.196 [main] INFO org.springframework.boot.test.context.SpringBootTestContextBootstrapper - Loaded default TestExecutionListener class names from location [META-INF/spring.factories]: [org.springframework.boot.test.mock.mockito.MockitoTestExecutionListener, org.springframework.boot.test.mock.mockito.ResetMocksTestExecutionListener, org.springframework.boot.test.autoconfigure.restdocs.RestDocsTestExecutionListener, org.springframework.boot.test.autoconfigure.web.client.MockRestServiceServerResetTestExecutionListener, org.springframework.boot.test.autoconfigure.web.servlet.MockMvcPrintOnlyOnFailureTestExecutionListener, org.springframework.boot.test.autoconfigure.web.servlet.WebDriverTestExecutionListener, org.springframework.test.context.web.ServletTestExecutionListener, org.springframework.test.context.support.DirtiesContextBeforeModesTestExecutionListener, org.springframework.test.context.support.DependencyInjectionTestExecutionListener, org.springframework.test.context.support.DirtiesContextTestExecutionListener, org.springframework.test.context.transaction.TransactionalTestExecutionListener, org.springframework.test.context.jdbc.SqlScriptsTestExecutionListener]
04:15:35.228 [main] DEBUG org.springframework.boot.test.context.SpringBootTestContextBootstrapper - Skipping candidate TestExecutionListener [org.springframework.test.context.transaction.TransactionalTestExecutionListener] due to a missing dependency. Specify custom listener classes or make the default listener classes and their required dependencies available. Offending class: [org/springframework/transaction/interceptor/TransactionAttributeSource]
04:15:35.230 [main] DEBUG org.springframework.boot.test.context.SpringBootTestContextBootstrapper - Skipping candidate TestExecutionListener [org.springframework.test.context.jdbc.SqlScriptsTestExecutionListener] due to a missing dependency. Specify custom listener classes or make the default listener classes and their required dependencies available. Offending class: [org/springframework/transaction/interceptor/TransactionAttribute]
04:15:35.238 [main] INFO org.springframework.boot.test.context.SpringBootTestContextBootstrapper - Using TestExecutionListeners: [org.springframework.test.context.web.ServletTestExecutionListener@14bdbc74, org.springframework.test.context.support.DirtiesContextBeforeModesTestExecutionListener@12591ac8, org.springframework.boot.test.mock.mockito.MockitoTestExecutionListener@5a7fe64f, org.springframework.boot.test.autoconfigure.SpringBootDependencyInjectionTestExecutionListener@38145825, org.springframework.test.context.support.DirtiesContextTestExecutionListener@41330d4f, org.springframework.boot.test.mock.mockito.ResetMocksTestExecutionListener@1b66c0fb, org.springframework.boot.test.autoconfigure.restdocs.RestDocsTestExecutionListener@3e0e1046, org.springframework.boot.test.autoconfigure.web.client.MockRestServiceServerResetTestExecutionListener@24c1b2d2, org.springframework.boot.test.autoconfigure.web.servlet.MockMvcPrintOnlyOnFailureTestExecutionListener@7dc19a70, org.springframework.boot.test.autoconfigure.web.servlet.WebDriverTestExecutionListener@508dec2b]
04:15:35.254 [main] DEBUG org.springframework.test.context.support.AbstractDirtiesContextTestExecutionListener - Before test class: context [DefaultTestContext@1e16c0aa testClass = TestMessageController, testInstance = [null], testMethod = [null], testException = [null], mergedContextConfiguration = [WebMergedContextConfiguration@13d73f29 testClass = TestMessageController, locations = '{}', classes = '{class com.Application}', contextInitializerClasses = '[]', activeProfiles = '{}', propertySourceLocations = '{}', propertySourceProperties = '{org.springframework.boot.test.context.SpringBootTestContextBootstrapper=true}', contextCustomizers = set[org.springframework.boot.test.context.filter.ExcludeFilterContextCustomizer@71d44a3, org.springframework.boot.test.json.DuplicateJsonObjectContextCustomizerFactory$DuplicateJsonObjectContextCustomizer@34123d65, org.springframework.boot.test.mock.mockito.MockitoContextCustomizer@0, org.springframework.boot.test.web.client.TestRestTemplateContextCustomizer@4afcd809, org.springframework.boot.test.autoconfigure.properties.PropertyMappingContextCustomizer@0, org.springframework.boot.test.autoconfigure.web.servlet.WebDriverContextCustomizerFactory$Customizer@44c03695], resourceBasePath = 'src/main/webapp', contextLoader = 'org.springframework.boot.test.context.SpringBootContextLoader', parent = [null]], attributes = map['org.springframework.test.context.web.ServletTestExecutionListener.activateListener' -> true]], class annotated with @DirtiesContext [false] with mode [null].
04:15:35.293 [main] DEBUG org.springframework.test.context.support.TestPropertySourceUtils - Adding inlined properties to environment: {spring.jmx.enabled=false, org.springframework.boot.test.context.SpringBootTestContextBootstrapper=true, server.port=-1}

  .   ____          _            __ _ _
 /\\ / ___'_ __ _ _(_)_ __  __ _ \ \ \ \
( ( )\___ | '_ | '_| | '_ \/ _` | \ \ \ \
 \\/  ___)| |_)| | | | | || (_| |  ) ) ) )
  '  |____| .__|_| |_|_| |_\__, | / / / /
 =========|_|==============|___/=/_/_/_/
 :: Spring Boot ::        (v2.1.7.RELEASE)

2021-06-02 04:15:35.750  INFO 6632 --- [           main] com.TestMessageController                : Starting TestMessageController on ip-172-31-92-18 with PID 6632 (started by jenkins in /var/lib/jenkins/workspace/DevOps-Final-Assessment-Pipeline)
2021-06-02 04:15:35.752  INFO 6632 --- [           main] com.TestMessageController                : No active profile set, falling back to default profiles: default
2021-06-02 04:15:38.880  INFO 6632 --- [           main] o.s.s.concurrent.ThreadPoolTaskExecutor  : Initializing ExecutorService 'applicationTaskExecutor'
2021-06-02 04:15:38.964  INFO 6632 --- [           main] o.s.b.a.w.s.WelcomePageHandlerMapping    : Adding welcome page: class path resource [static/index.html]
2021-06-02 04:15:39.131  INFO 6632 --- [           main] com.TestMessageController                : Started TestMessageController in 3.826 seconds (JVM running for 5.205)
2021-06-02 04:15:39.439  INFO 6632 --- [           main] com.MessageController                    : hello, its an info
2021-06-02 04:15:39.468  INFO 6632 --- [           main] com.MessageController                    : hello from test app1
[INFO] Tests run: 2, Failures: 0, Errors: 0, Skipped: 0, Time elapsed: 4.754 s - in com.TestMessageController
2021-06-02 04:15:39.550  INFO 6632 --- [       Thread-1] o.s.s.concurrent.ThreadPoolTaskExecutor  : Shutting down ExecutorService 'applicationTaskExecutor'
[INFO] 
[INFO] Results:
[INFO] 
[INFO] Tests run: 2, Failures: 0, Errors: 0, Skipped: 0
[INFO] 
[INFO] 
[INFO] --- maven-jar-plugin:3.1.2:jar (default-jar) @ bootcamp ---
[INFO] Building jar: /var/lib/jenkins/workspace/DevOps-Final-Assessment-Pipeline/target/bootcamp-0.0.1-SNAPSHOT.jar
[INFO] 
[INFO] --- spring-boot-maven-plugin:2.1.7.RELEASE:repackage (repackage) @ bootcamp ---
[INFO] Replacing main artifact with repackaged archive
[INFO] 
[INFO] --- spring-boot-maven-plugin:2.1.7.RELEASE:repackage (default) @ bootcamp ---
[INFO] Replacing main artifact with repackaged archive
[INFO] ------------------------------------------------------------------------
[INFO] BUILD SUCCESS
[INFO] ------------------------------------------------------------------------
[INFO] Total time:  9.946 s
[INFO] Finished at: 2021-06-02T04:15:40Z
[INFO] ------------------------------------------------------------------------
[Pipeline] echo
Maven Packaging Completed
[Pipeline] }
[Pipeline] // stage
[Pipeline] stage
[Pipeline] { (SonarQube)
[Pipeline] echo
Biswarup Jenkins - SonarQube
[Pipeline] sh
+ /var/lib/jenkins/tools/hudson.tasks.Maven_MavenInstallation/maven-3/bin/mvn sonar:sonar -Dsonar.host.url=http://35.222.196.93:9000/
[INFO] Scanning for projects...
[WARNING] The POM for org.eclipse.m2e:lifecycle-mapping:jar:1.0.0 is missing, no dependency information available
[WARNING] Failed to retrieve plugin descriptor for org.eclipse.m2e:lifecycle-mapping:1.0.0: Plugin org.eclipse.m2e:lifecycle-mapping:1.0.0 or one of its dependencies could not be resolved: Failure to find org.eclipse.m2e:lifecycle-mapping:jar:1.0.0 in https://repo.maven.apache.org/maven2 was cached in the local repository, resolution will not be reattempted until the update interval of central has elapsed or updates are forced
[INFO] 
[INFO] -----------------------< com.casestudy:bootcamp >-----------------------
[INFO] Building bootcamp 0.0.1-SNAPSHOT
[INFO] --------------------------------[ jar ]---------------------------------
[WARNING] The POM for org.eclipse.m2e:lifecycle-mapping:jar:1.0.0 is missing, no dependency information available
[WARNING] Failed to retrieve plugin descriptor for org.eclipse.m2e:lifecycle-mapping:1.0.0: Plugin org.eclipse.m2e:lifecycle-mapping:1.0.0 or one of its dependencies could not be resolved: Failure to find org.eclipse.m2e:lifecycle-mapping:jar:1.0.0 in https://repo.maven.apache.org/maven2 was cached in the local repository, resolution will not be reattempted until the update interval of central has elapsed or updates are forced
[INFO] 
[INFO] --- sonar-maven-plugin:3.9.0.2155:sonar (default-cli) @ bootcamp ---
[INFO] User cache: /var/lib/jenkins/.sonar/cache
[INFO] SonarQube version: 7.1.0
[INFO] Default locale: "en", source code encoding: "UTF-8"
[INFO] Publish mode
[INFO] Load global settings
WARNING: An illegal reflective access operation has occurred
WARNING: Illegal reflective access by com.google.protobuf.UnsafeUtil (file:/var/lib/jenkins/.sonar/cache/3e26d9ec2d452f29e27358939e592296/sonar-scanner-engine-shaded-7.1-all.jar) to field java.nio.Buffer.address
WARNING: Please consider reporting this to the maintainers of com.google.protobuf.UnsafeUtil
WARNING: Use --illegal-access=warn to enable warnings of further illegal reflective access operations
WARNING: All illegal access operations will be denied in a future release
[INFO] Load global settings (done) | time=140ms
[INFO] Server id: AXmyv4BQp4OgoOG0oAJG
[INFO] User cache: /var/lib/jenkins/.sonar/cache
[INFO] Load plugins index
[INFO] Load plugins index (done) | time=69ms
[INFO] Load/download plugins
[INFO] Load/download plugins (done) | time=33ms
[INFO] Process project properties
[INFO] Load project repositories
[INFO] Load project repositories (done) | time=136ms
[INFO] Load quality profiles
[INFO] Load quality profiles (done) | time=56ms
[INFO] Load active rules
[INFO] Load active rules (done) | time=1483ms
[INFO] Load metrics repository
[INFO] Load metrics repository (done) | time=53ms
[INFO] Project key: com.casestudy:bootcamp
[INFO] Project base dir: /var/lib/jenkins/workspace/DevOps-Final-Assessment-Pipeline
[INFO] -------------  Scan bootcamp
[INFO] Load server rules
[INFO] Load server rules (done) | time=239ms
[INFO] Base dir: /var/lib/jenkins/workspace/DevOps-Final-Assessment-Pipeline
[INFO] Working dir: /var/lib/jenkins/workspace/DevOps-Final-Assessment-Pipeline/target/sonar
[INFO] Source paths: pom.xml, src/main/java
[INFO] Test paths: src/test/java
[INFO] Source encoding: UTF-8, default locale: en
[INFO] Index files
[INFO] 4 files indexed
[INFO] Quality profile for java: Sonar way
[INFO] Quality profile for xml: Sonar way
[INFO] Sensor JavaSquidSensor [java]
[INFO] Configured Java source version (sonar.java.source): 8
[INFO] JavaClasspath initialization
[INFO] JavaClasspath initialization (done) | time=18ms
[INFO] JavaTestClasspath initialization
[INFO] JavaTestClasspath initialization (done) | time=2ms
[INFO] Java Main Files AST scan
[INFO] 2 source files to be analyzed
[ERROR] Unable to create symbol table for : /var/lib/jenkins/workspace/DevOps-Final-Assessment-Pipeline/src/main/java/com/Application.java
java.lang.IllegalArgumentException: null
	at org.objectweb.asm.ClassReader.<init>(ClassReader.java:160)
	at org.objectweb.asm.ClassReader.<init>(ClassReader.java:143)
	at org.sonar.java.resolve.BytecodeCompleter.loadClass(BytecodeCompleter.java:204)
	at org.sonar.java.resolve.Symbols.<init>(Symbols.java:176)
	at org.sonar.java.resolve.SemanticModel.createFor(SemanticModel.java:59)
	at org.sonar.java.model.VisitorsBridge.visitFile(VisitorsBridge.java:110)
	at org.sonar.java.ast.JavaAstScanner.simpleScan(JavaAstScanner.java:96)
	at org.sonar.java.ast.JavaAstScanner.scan(JavaAstScanner.java:68)
	at org.sonar.java.JavaSquid.scanSources(JavaSquid.java:119)
	at org.sonar.java.JavaSquid.scan(JavaSquid.java:113)
	at org.sonar.plugins.java.JavaSquidSensor.execute(JavaSquidSensor.java:92)
	at org.sonar.scanner.sensor.SensorWrapper.analyse(SensorWrapper.java:53)
	at org.sonar.scanner.phases.SensorsExecutor.executeSensor(SensorsExecutor.java:88)
	at org.sonar.scanner.phases.SensorsExecutor.execute(SensorsExecutor.java:82)
	at org.sonar.scanner.phases.SensorsExecutor.execute(SensorsExecutor.java:68)
	at org.sonar.scanner.phases.AbstractPhaseExecutor.execute(AbstractPhaseExecutor.java:88)
	at org.sonar.scanner.scan.ModuleScanContainer.doAfterStart(ModuleScanContainer.java:180)
	at org.sonar.core.platform.ComponentContainer.startComponents(ComponentContainer.java:135)
	at org.sonar.core.platform.ComponentContainer.execute(ComponentContainer.java:121)
	at org.sonar.scanner.scan.ProjectScanContainer.scan(ProjectScanContainer.java:302)
	at org.sonar.scanner.scan.ProjectScanContainer.scanRecursively(ProjectScanContainer.java:297)
	at org.sonar.scanner.scan.ProjectScanContainer.doAfterStart(ProjectScanContainer.java:271)
	at org.sonar.core.platform.ComponentContainer.startComponents(ComponentContainer.java:135)
	at org.sonar.core.platform.ComponentContainer.execute(ComponentContainer.java:121)
	at org.sonar.scanner.task.ScanTask.execute(ScanTask.java:48)
	at org.sonar.scanner.task.TaskContainer.doAfterStart(TaskContainer.java:84)
	at org.sonar.core.platform.ComponentContainer.startComponents(ComponentContainer.java:135)
	at org.sonar.core.platform.ComponentContainer.execute(ComponentContainer.java:121)
	at org.sonar.scanner.bootstrap.GlobalContainer.executeTask(GlobalContainer.java:121)
	at org.sonar.batch.bootstrapper.Batch.doExecuteTask(Batch.java:116)
	at org.sonar.batch.bootstrapper.Batch.execute(Batch.java:71)
	at org.sonarsource.scanner.api.internal.batch.BatchIsolatedLauncher.execute(BatchIsolatedLauncher.java:46)
	at java.base/jdk.internal.reflect.NativeMethodAccessorImpl.invoke0(Native Method)
	at java.base/jdk.internal.reflect.NativeMethodAccessorImpl.invoke(NativeMethodAccessorImpl.java:62)
	at java.base/jdk.internal.reflect.DelegatingMethodAccessorImpl.invoke(DelegatingMethodAccessorImpl.java:43)
	at java.base/java.lang.reflect.Method.invoke(Method.java:566)
	at org.sonarsource.scanner.api.internal.IsolatedLauncherProxy.invoke(IsolatedLauncherProxy.java:60)
	at com.sun.proxy.$Proxy25.execute(Unknown Source)
	at org.sonarsource.scanner.api.EmbeddedScanner.doExecute(EmbeddedScanner.java:189)
	at org.sonarsource.scanner.api.EmbeddedScanner.execute(EmbeddedScanner.java:138)
	at org.sonarsource.scanner.maven.bootstrap.ScannerBootstrapper.execute(ScannerBootstrapper.java:65)
	at org.sonarsource.scanner.maven.SonarQubeMojo.execute(SonarQubeMojo.java:108)
	at org.apache.maven.plugin.DefaultBuildPluginManager.executeMojo(DefaultBuildPluginManager.java:137)
	at org.apache.maven.lifecycle.internal.MojoExecutor.execute(MojoExecutor.java:210)
	at org.apache.maven.lifecycle.internal.MojoExecutor.execute(MojoExecutor.java:156)
	at org.apache.maven.lifecycle.internal.MojoExecutor.execute(MojoExecutor.java:148)
	at org.apache.maven.lifecycle.internal.LifecycleModuleBuilder.buildProject(LifecycleModuleBuilder.java:117)
	at org.apache.maven.lifecycle.internal.LifecycleModuleBuilder.buildProject(LifecycleModuleBuilder.java:81)
	at org.apache.maven.lifecycle.internal.builder.singlethreaded.SingleThreadedBuilder.build(SingleThreadedBuilder.java:56)
	at org.apache.maven.lifecycle.internal.LifecycleStarter.execute(LifecycleStarter.java:128)
	at org.apache.maven.DefaultMaven.doExecute(DefaultMaven.java:305)
	at org.apache.maven.DefaultMaven.doExecute(DefaultMaven.java:192)
	at org.apache.maven.DefaultMaven.execute(DefaultMaven.java:105)
	at org.apache.maven.cli.MavenCli.execute(MavenCli.java:956)
	at org.apache.maven.cli.MavenCli.doMain(MavenCli.java:288)
	at org.apache.maven.cli.MavenCli.main(MavenCli.java:192)
	at java.base/jdk.internal.reflect.NativeMethodAccessorImpl.invoke0(Native Method)
	at java.base/jdk.internal.reflect.NativeMethodAccessorImpl.invoke(NativeMethodAccessorImpl.java:62)
	at java.base/jdk.internal.reflect.DelegatingMethodAccessorImpl.invoke(DelegatingMethodAccessorImpl.java:43)
	at java.base/java.lang.reflect.Method.invoke(Method.java:566)
	at org.codehaus.plexus.classworlds.launcher.Launcher.launchEnhanced(Launcher.java:282)
	at org.codehaus.plexus.classworlds.launcher.Launcher.launch(Launcher.java:225)
	at org.codehaus.plexus.classworlds.launcher.Launcher.mainWithExitCode(Launcher.java:406)
	at org.codehaus.plexus.classworlds.launcher.Launcher.main(Launcher.java:347)

[ERROR] Unable to create symbol table for : /var/lib/jenkins/workspace/DevOps-Final-Assessment-Pipeline/src/main/java/com/MessageController.java
java.lang.IllegalArgumentException: null
	at org.objectweb.asm.ClassReader.<init>(ClassReader.java:160)
	at org.objectweb.asm.ClassReader.<init>(ClassReader.java:143)
	at org.sonar.java.resolve.BytecodeCompleter.loadClass(BytecodeCompleter.java:204)
	at org.sonar.java.resolve.Symbols.<init>(Symbols.java:176)
	at org.sonar.java.resolve.SemanticModel.createFor(SemanticModel.java:59)
	at org.sonar.java.model.VisitorsBridge.visitFile(VisitorsBridge.java:110)
	at org.sonar.java.ast.JavaAstScanner.simpleScan(JavaAstScanner.java:96)
	at org.sonar.java.ast.JavaAstScanner.scan(JavaAstScanner.java:68)
	at org.sonar.java.JavaSquid.scanSources(JavaSquid.java:119)
	at org.sonar.java.JavaSquid.scan(JavaSquid.java:113)
	at org.sonar.plugins.java.JavaSquidSensor.execute(JavaSquidSensor.java:92)
	at org.sonar.scanner.sensor.SensorWrapper.analyse(SensorWrapper.java:53)
	at org.sonar.scanner.phases.SensorsExecutor.executeSensor(SensorsExecutor.java:88)
	at org.sonar.scanner.phases.SensorsExecutor.execute(SensorsExecutor.java:82)
	at org.sonar.scanner.phases.SensorsExecutor.execute(SensorsExecutor.java:68)
	at org.sonar.scanner.phases.AbstractPhaseExecutor.execute(AbstractPhaseExecutor.java:88)
	at org.sonar.scanner.scan.ModuleScanContainer.doAfterStart(ModuleScanContainer.java:180)
	at org.sonar.core.platform.ComponentContainer.startComponents(ComponentContainer.java:135)
	at org.sonar.core.platform.ComponentContainer.execute(ComponentContainer.java:121)
	at org.sonar.scanner.scan.ProjectScanContainer.scan(ProjectScanContainer.java:302)
	at org.sonar.scanner.scan.ProjectScanContainer.scanRecursively(ProjectScanContainer.java:297)
	at org.sonar.scanner.scan.ProjectScanContainer.doAfterStart(ProjectScanContainer.java:271)
	at org.sonar.core.platform.ComponentContainer.startComponents(ComponentContainer.java:135)
	at org.sonar.core.platform.ComponentContainer.execute(ComponentContainer.java:121)
	at org.sonar.scanner.task.ScanTask.execute(ScanTask.java:48)
	at org.sonar.scanner.task.TaskContainer.doAfterStart(TaskContainer.java:84)
	at org.sonar.core.platform.ComponentContainer.startComponents(ComponentContainer.java:135)
	at org.sonar.core.platform.ComponentContainer.execute(ComponentContainer.java:121)
	at org.sonar.scanner.bootstrap.GlobalContainer.executeTask(GlobalContainer.java:121)
	at org.sonar.batch.bootstrapper.Batch.doExecuteTask(Batch.java:116)
	at org.sonar.batch.bootstrapper.Batch.execute(Batch.java:71)
	at org.sonarsource.scanner.api.internal.batch.BatchIsolatedLauncher.execute(BatchIsolatedLauncher.java:46)
	at java.base/jdk.internal.reflect.NativeMethodAccessorImpl.invoke0(Native Method)
	at java.base/jdk.internal.reflect.NativeMethodAccessorImpl.invoke(NativeMethodAccessorImpl.java:62)
	at java.base/jdk.internal.reflect.DelegatingMethodAccessorImpl.invoke(DelegatingMethodAccessorImpl.java:43)
	at java.base/java.lang.reflect.Method.invoke(Method.java:566)
	at org.sonarsource.scanner.api.internal.IsolatedLauncherProxy.invoke(IsolatedLauncherProxy.java:60)
	at com.sun.proxy.$Proxy25.execute(Unknown Source)
	at org.sonarsource.scanner.api.EmbeddedScanner.doExecute(EmbeddedScanner.java:189)
	at org.sonarsource.scanner.api.EmbeddedScanner.execute(EmbeddedScanner.java:138)
	at org.sonarsource.scanner.maven.bootstrap.ScannerBootstrapper.execute(ScannerBootstrapper.java:65)
	at org.sonarsource.scanner.maven.SonarQubeMojo.execute(SonarQubeMojo.java:108)
	at org.apache.maven.plugin.DefaultBuildPluginManager.executeMojo(DefaultBuildPluginManager.java:137)
	at org.apache.maven.lifecycle.internal.MojoExecutor.execute(MojoExecutor.java:210)
	at org.apache.maven.lifecycle.internal.MojoExecutor.execute(MojoExecutor.java:156)
	at org.apache.maven.lifecycle.internal.MojoExecutor.execute(MojoExecutor.java:148)
	at org.apache.maven.lifecycle.internal.LifecycleModuleBuilder.buildProject(LifecycleModuleBuilder.java:117)
	at org.apache.maven.lifecycle.internal.LifecycleModuleBuilder.buildProject(LifecycleModuleBuilder.java:81)
	at org.apache.maven.lifecycle.internal.builder.singlethreaded.SingleThreadedBuilder.build(SingleThreadedBuilder.java:56)
	at org.apache.maven.lifecycle.internal.LifecycleStarter.execute(LifecycleStarter.java:128)
	at org.apache.maven.DefaultMaven.doExecute(DefaultMaven.java:305)
	at org.apache.maven.DefaultMaven.doExecute(DefaultMaven.java:192)
	at org.apache.maven.DefaultMaven.execute(DefaultMaven.java:105)
	at org.apache.maven.cli.MavenCli.execute(MavenCli.java:956)
	at org.apache.maven.cli.MavenCli.doMain(MavenCli.java:288)
	at org.apache.maven.cli.MavenCli.main(MavenCli.java:192)
	at java.base/jdk.internal.reflect.NativeMethodAccessorImpl.invoke0(Native Method)
	at java.base/jdk.internal.reflect.NativeMethodAccessorImpl.invoke(NativeMethodAccessorImpl.java:62)
	at java.base/jdk.internal.reflect.DelegatingMethodAccessorImpl.invoke(DelegatingMethodAccessorImpl.java:43)
	at java.base/java.lang.reflect.Method.invoke(Method.java:566)
	at org.codehaus.plexus.classworlds.launcher.Launcher.launchEnhanced(Launcher.java:282)
	at org.codehaus.plexus.classworlds.launcher.Launcher.launch(Launcher.java:225)
	at org.codehaus.plexus.classworlds.launcher.Launcher.mainWithExitCode(Launcher.java:406)
	at org.codehaus.plexus.classworlds.launcher.Launcher.main(Launcher.java:347)

[INFO] 2/2 source files have been analyzed
[INFO] Java Main Files AST scan (done) | time=123ms
[INFO] Java Test Files AST scan
[INFO] 1 source files to be analyzed
[ERROR] Unable to create symbol table for : /var/lib/jenkins/workspace/DevOps-Final-Assessment-Pipeline/src/test/java/com/TestMessageController.java
java.lang.IllegalArgumentException: null
	at org.objectweb.asm.ClassReader.<init>(ClassReader.java:160)
	at org.objectweb.asm.ClassReader.<init>(ClassReader.java:143)
	at org.sonar.java.resolve.BytecodeCompleter.loadClass(BytecodeCompleter.java:204)
	at org.sonar.java.resolve.Symbols.<init>(Symbols.java:176)
	at org.sonar.java.resolve.SemanticModel.createFor(SemanticModel.java:59)
	at org.sonar.java.model.VisitorsBridge.visitFile(VisitorsBridge.java:110)
	at org.sonar.java.ast.JavaAstScanner.simpleScan(JavaAstScanner.java:96)
	at org.sonar.java.ast.JavaAstScanner.scan(JavaAstScanner.java:68)
	at org.sonar.java.JavaSquid.scanTests(JavaSquid.java:125)
	at org.sonar.java.JavaSquid.scan(JavaSquid.java:114)
	at org.sonar.plugins.java.JavaSquidSensor.execute(JavaSquidSensor.java:92)
	at org.sonar.scanner.sensor.SensorWrapper.analyse(SensorWrapper.java:53)
	at org.sonar.scanner.phases.SensorsExecutor.executeSensor(SensorsExecutor.java:88)
	at org.sonar.scanner.phases.SensorsExecutor.execute(SensorsExecutor.java:82)
	at org.sonar.scanner.phases.SensorsExecutor.execute(SensorsExecutor.java:68)
	at org.sonar.scanner.phases.AbstractPhaseExecutor.execute(AbstractPhaseExecutor.java:88)
	at org.sonar.scanner.scan.ModuleScanContainer.doAfterStart(ModuleScanContainer.java:180)
	at org.sonar.core.platform.ComponentContainer.startComponents(ComponentContainer.java:135)
	at org.sonar.core.platform.ComponentContainer.execute(ComponentContainer.java:121)
	at org.sonar.scanner.scan.ProjectScanContainer.scan(ProjectScanContainer.java:302)
	at org.sonar.scanner.scan.ProjectScanContainer.scanRecursively(ProjectScanContainer.java:297)
	at org.sonar.scanner.scan.ProjectScanContainer.doAfterStart(ProjectScanContainer.java:271)
	at org.sonar.core.platform.ComponentContainer.startComponents(ComponentContainer.java:135)
	at org.sonar.core.platform.ComponentContainer.execute(ComponentContainer.java:121)
	at org.sonar.scanner.task.ScanTask.execute(ScanTask.java:48)
	at org.sonar.scanner.task.TaskContainer.doAfterStart(TaskContainer.java:84)
	at org.sonar.core.platform.ComponentContainer.startComponents(ComponentContainer.java:135)
	at org.sonar.core.platform.ComponentContainer.execute(ComponentContainer.java:121)
	at org.sonar.scanner.bootstrap.GlobalContainer.executeTask(GlobalContainer.java:121)
	at org.sonar.batch.bootstrapper.Batch.doExecuteTask(Batch.java:116)
	at org.sonar.batch.bootstrapper.Batch.execute(Batch.java:71)
	at org.sonarsource.scanner.api.internal.batch.BatchIsolatedLauncher.execute(BatchIsolatedLauncher.java:46)
	at java.base/jdk.internal.reflect.NativeMethodAccessorImpl.invoke0(Native Method)
	at java.base/jdk.internal.reflect.NativeMethodAccessorImpl.invoke(NativeMethodAccessorImpl.java:62)
	at java.base/jdk.internal.reflect.DelegatingMethodAccessorImpl.invoke(DelegatingMethodAccessorImpl.java:43)
	at java.base/java.lang.reflect.Method.invoke(Method.java:566)
	at org.sonarsource.scanner.api.internal.IsolatedLauncherProxy.invoke(IsolatedLauncherProxy.java:60)
	at com.sun.proxy.$Proxy25.execute(Unknown Source)
	at org.sonarsource.scanner.api.EmbeddedScanner.doExecute(EmbeddedScanner.java:189)
	at org.sonarsource.scanner.api.EmbeddedScanner.execute(EmbeddedScanner.java:138)
	at org.sonarsource.scanner.maven.bootstrap.ScannerBootstrapper.execute(ScannerBootstrapper.java:65)
	at org.sonarsource.scanner.maven.SonarQubeMojo.execute(SonarQubeMojo.java:108)
	at org.apache.maven.plugin.DefaultBuildPluginManager.executeMojo(DefaultBuildPluginManager.java:137)
	at org.apache.maven.lifecycle.internal.MojoExecutor.execute(MojoExecutor.java:210)
	at org.apache.maven.lifecycle.internal.MojoExecutor.execute(MojoExecutor.java:156)
	at org.apache.maven.lifecycle.internal.MojoExecutor.execute(MojoExecutor.java:148)
	at org.apache.maven.lifecycle.internal.LifecycleModuleBuilder.buildProject(LifecycleModuleBuilder.java:117)
	at org.apache.maven.lifecycle.internal.LifecycleModuleBuilder.buildProject(LifecycleModuleBuilder.java:81)
	at org.apache.maven.lifecycle.internal.builder.singlethreaded.SingleThreadedBuilder.build(SingleThreadedBuilder.java:56)
	at org.apache.maven.lifecycle.internal.LifecycleStarter.execute(LifecycleStarter.java:128)
	at org.apache.maven.DefaultMaven.doExecute(DefaultMaven.java:305)
	at org.apache.maven.DefaultMaven.doExecute(DefaultMaven.java:192)
	at org.apache.maven.DefaultMaven.execute(DefaultMaven.java:105)
	at org.apache.maven.cli.MavenCli.execute(MavenCli.java:956)
	at org.apache.maven.cli.MavenCli.doMain(MavenCli.java:288)
	at org.apache.maven.cli.MavenCli.main(MavenCli.java:192)
	at java.base/jdk.internal.reflect.NativeMethodAccessorImpl.invoke0(Native Method)
	at java.base/jdk.internal.reflect.NativeMethodAccessorImpl.invoke(NativeMethodAccessorImpl.java:62)
	at java.base/jdk.internal.reflect.DelegatingMethodAccessorImpl.invoke(DelegatingMethodAccessorImpl.java:43)
	at java.base/java.lang.reflect.Method.invoke(Method.java:566)
	at org.codehaus.plexus.classworlds.launcher.Launcher.launchEnhanced(Launcher.java:282)
	at org.codehaus.plexus.classworlds.launcher.Launcher.launch(Launcher.java:225)
	at org.codehaus.plexus.classworlds.launcher.Launcher.mainWithExitCode(Launcher.java:406)
	at org.codehaus.plexus.classworlds.launcher.Launcher.main(Launcher.java:347)

[INFO] 1/1 source files have been analyzed
[INFO] Java Test Files AST scan (done) | time=32ms
[INFO] Sensor JavaSquidSensor [java] (done) | time=938ms
[INFO] Sensor SurefireSensor [java]
[INFO] parsing [/var/lib/jenkins/workspace/DevOps-Final-Assessment-Pipeline/target/surefire-reports]
[INFO] Sensor SurefireSensor [java] (done) | time=81ms
[INFO] Sensor JaCoCoSensor [java]
[INFO] Sensor JaCoCoSensor [java] (done) | time=1ms
[INFO] Sensor SonarJavaXmlFileSensor [java]
[INFO] 1 source files to be analyzed
[INFO] Sensor SonarJavaXmlFileSensor [java] (done) | time=517ms
[INFO] Sensor XML Sensor [xml]
[INFO] 1/1 source files have been analyzed
[INFO] Sensor XML Sensor [xml] (done) | time=154ms
[INFO] Sensor Zero Coverage Sensor
[INFO] Sensor Zero Coverage Sensor (done) | time=10ms
[INFO] Sensor CPD Block Indexer
[INFO] Sensor CPD Block Indexer (done) | time=20ms
[INFO] 1 file had no CPD blocks
[INFO] Calculating CPD for 1 file
[INFO] CPD calculation finished
[INFO] Analysis report generated in 170ms, dir size=47 KB
[INFO] Analysis reports compressed in 14ms, zip size=12 KB
[INFO] Analysis report uploaded in 77ms
[INFO] ANALYSIS SUCCESSFUL, you can browse http://35.222.196.93:9000/dashboard/index/com.casestudy:bootcamp
[INFO] Note that you will be able to access the updated dashboard once the server has processed the submitted analysis report
[INFO] More about the report processing at http://35.222.196.93:9000/api/ce/task?id=AXnK705Z-j4lsRJ7pfOF
[INFO] Task total time: 5.836 s
[INFO] ------------------------------------------------------------------------
[INFO] BUILD SUCCESS
[INFO] ------------------------------------------------------------------------
[INFO] Total time:  8.995 s
[INFO] Finished at: 2021-06-02T04:15:51Z
[INFO] ------------------------------------------------------------------------
[Pipeline] echo
SonarQube Analysis Completed
[Pipeline] }
[Pipeline] // stage
[Pipeline] stage
[Pipeline] { (HTML Report)
[Pipeline] echo
Biswarup Jenkins - HTML Report
[Pipeline] sh
+ /var/lib/jenkins/tools/hudson.tasks.Maven_MavenInstallation/maven-3/bin/mvn surefire-report:report
[INFO] Scanning for projects...
[WARNING] The POM for org.eclipse.m2e:lifecycle-mapping:jar:1.0.0 is missing, no dependency information available
[WARNING] Failed to retrieve plugin descriptor for org.eclipse.m2e:lifecycle-mapping:1.0.0: Plugin org.eclipse.m2e:lifecycle-mapping:1.0.0 or one of its dependencies could not be resolved: Failure to find org.eclipse.m2e:lifecycle-mapping:jar:1.0.0 in https://repo.maven.apache.org/maven2 was cached in the local repository, resolution will not be reattempted until the update interval of central has elapsed or updates are forced
[INFO] 
[INFO] -----------------------< com.casestudy:bootcamp >-----------------------
[INFO] Building bootcamp 0.0.1-SNAPSHOT
[INFO] --------------------------------[ jar ]---------------------------------
[WARNING] The POM for org.eclipse.m2e:lifecycle-mapping:jar:1.0.0 is missing, no dependency information available
[WARNING] Failed to retrieve plugin descriptor for org.eclipse.m2e:lifecycle-mapping:1.0.0: Plugin org.eclipse.m2e:lifecycle-mapping:1.0.0 or one of its dependencies could not be resolved: Failure to find org.eclipse.m2e:lifecycle-mapping:jar:1.0.0 in https://repo.maven.apache.org/maven2 was cached in the local repository, resolution will not be reattempted until the update interval of central has elapsed or updates are forced
[INFO] 
[INFO] >>> maven-surefire-report-plugin:3.0.0-M5:report (default-cli) > [surefire]test @ bootcamp >>>
[INFO] 
[INFO] --- maven-resources-plugin:3.1.0:resources (default-resources) @ bootcamp ---
[INFO] Using 'UTF-8' encoding to copy filtered resources.
[INFO] Copying 1 resource
[INFO] Copying 1 resource
[INFO] 
[INFO] --- maven-compiler-plugin:3.8.1:compile (default-compile) @ bootcamp ---
[INFO] Nothing to compile - all classes are up to date
[INFO] 
[INFO] --- maven-resources-plugin:3.1.0:testResources (default-testResources) @ bootcamp ---
[INFO] Using 'UTF-8' encoding to copy filtered resources.
[INFO] skip non existing resourceDirectory /var/lib/jenkins/workspace/DevOps-Final-Assessment-Pipeline/src/test/resources
[INFO] 
[INFO] --- maven-compiler-plugin:3.8.1:testCompile (default-testCompile) @ bootcamp ---
[INFO] Nothing to compile - all classes are up to date
[INFO] 
[INFO] --- maven-surefire-plugin:2.22.2:test (default-test) @ bootcamp ---
[INFO] 
[INFO] -------------------------------------------------------
[INFO]  T E S T S
[INFO] -------------------------------------------------------
[INFO] Running com.TestMessageController
04:15:56.724 [main] DEBUG org.springframework.test.context.BootstrapUtils - Instantiating CacheAwareContextLoaderDelegate from class [org.springframework.test.context.cache.DefaultCacheAwareContextLoaderDelegate]
04:15:56.782 [main] DEBUG org.springframework.test.context.BootstrapUtils - Instantiating BootstrapContext using constructor [public org.springframework.test.context.support.DefaultBootstrapContext(java.lang.Class,org.springframework.test.context.CacheAwareContextLoaderDelegate)]
04:15:56.832 [main] DEBUG org.springframework.test.context.BootstrapUtils - Instantiating TestContextBootstrapper for test class [com.TestMessageController] from class [org.springframework.boot.test.context.SpringBootTestContextBootstrapper]
04:15:56.855 [main] INFO org.springframework.boot.test.context.SpringBootTestContextBootstrapper - Neither @ContextConfiguration nor @ContextHierarchy found for test class [com.TestMessageController], using SpringBootContextLoader
04:15:56.863 [main] DEBUG org.springframework.test.context.support.AbstractContextLoader - Did not detect default resource location for test class [com.TestMessageController]: class path resource [com/TestMessageController-context.xml] does not exist
04:15:56.866 [main] DEBUG org.springframework.test.context.support.AbstractContextLoader - Did not detect default resource location for test class [com.TestMessageController]: class path resource [com/TestMessageControllerContext.groovy] does not exist
04:15:56.866 [main] INFO org.springframework.test.context.support.AbstractContextLoader - Could not detect default resource locations for test class [com.TestMessageController]: no resource found for suffixes {-context.xml, Context.groovy}.
04:15:56.867 [main] INFO org.springframework.test.context.support.AnnotationConfigContextLoaderUtils - Could not detect default configuration classes for test class [com.TestMessageController]: TestMessageController does not declare any static, non-private, non-final, nested classes annotated with @Configuration.
04:15:56.954 [main] DEBUG org.springframework.test.context.support.ActiveProfilesUtils - Could not find an 'annotation declaring class' for annotation type [org.springframework.test.context.ActiveProfiles] and class [com.TestMessageController]
04:15:57.106 [main] DEBUG org.springframework.context.annotation.ClassPathScanningCandidateComponentProvider - Identified candidate component class: file [/var/lib/jenkins/workspace/DevOps-Final-Assessment-Pipeline/target/classes/com/Application.class]
04:15:57.113 [main] INFO org.springframework.boot.test.context.SpringBootTestContextBootstrapper - Found @SpringBootConfiguration com.Application for test class com.TestMessageController
04:15:57.245 [main] DEBUG org.springframework.boot.test.context.SpringBootTestContextBootstrapper - @TestExecutionListeners is not present for class [com.TestMessageController]: using defaults.
04:15:57.246 [main] INFO org.springframework.boot.test.context.SpringBootTestContextBootstrapper - Loaded default TestExecutionListener class names from location [META-INF/spring.factories]: [org.springframework.boot.test.mock.mockito.MockitoTestExecutionListener, org.springframework.boot.test.mock.mockito.ResetMocksTestExecutionListener, org.springframework.boot.test.autoconfigure.restdocs.RestDocsTestExecutionListener, org.springframework.boot.test.autoconfigure.web.client.MockRestServiceServerResetTestExecutionListener, org.springframework.boot.test.autoconfigure.web.servlet.MockMvcPrintOnlyOnFailureTestExecutionListener, org.springframework.boot.test.autoconfigure.web.servlet.WebDriverTestExecutionListener, org.springframework.test.context.web.ServletTestExecutionListener, org.springframework.test.context.support.DirtiesContextBeforeModesTestExecutionListener, org.springframework.test.context.support.DependencyInjectionTestExecutionListener, org.springframework.test.context.support.DirtiesContextTestExecutionListener, org.springframework.test.context.transaction.TransactionalTestExecutionListener, org.springframework.test.context.jdbc.SqlScriptsTestExecutionListener]
04:15:57.257 [main] DEBUG org.springframework.boot.test.context.SpringBootTestContextBootstrapper - Skipping candidate TestExecutionListener [org.springframework.test.context.transaction.TransactionalTestExecutionListener] due to a missing dependency. Specify custom listener classes or make the default listener classes and their required dependencies available. Offending class: [org/springframework/transaction/interceptor/TransactionAttributeSource]
04:15:57.258 [main] DEBUG org.springframework.boot.test.context.SpringBootTestContextBootstrapper - Skipping candidate TestExecutionListener [org.springframework.test.context.jdbc.SqlScriptsTestExecutionListener] due to a missing dependency. Specify custom listener classes or make the default listener classes and their required dependencies available. Offending class: [org/springframework/transaction/interceptor/TransactionAttribute]
04:15:57.258 [main] INFO org.springframework.boot.test.context.SpringBootTestContextBootstrapper - Using TestExecutionListeners: [org.springframework.test.context.web.ServletTestExecutionListener@14bdbc74, org.springframework.test.context.support.DirtiesContextBeforeModesTestExecutionListener@12591ac8, org.springframework.boot.test.mock.mockito.MockitoTestExecutionListener@5a7fe64f, org.springframework.boot.test.autoconfigure.SpringBootDependencyInjectionTestExecutionListener@38145825, org.springframework.test.context.support.DirtiesContextTestExecutionListener@41330d4f, org.springframework.boot.test.mock.mockito.ResetMocksTestExecutionListener@1b66c0fb, org.springframework.boot.test.autoconfigure.restdocs.RestDocsTestExecutionListener@3e0e1046, org.springframework.boot.test.autoconfigure.web.client.MockRestServiceServerResetTestExecutionListener@24c1b2d2, org.springframework.boot.test.autoconfigure.web.servlet.MockMvcPrintOnlyOnFailureTestExecutionListener@7dc19a70, org.springframework.boot.test.autoconfigure.web.servlet.WebDriverTestExecutionListener@508dec2b]
04:15:57.264 [main] DEBUG org.springframework.test.context.support.AbstractDirtiesContextTestExecutionListener - Before test class: context [DefaultTestContext@1e16c0aa testClass = TestMessageController, testInstance = [null], testMethod = [null], testException = [null], mergedContextConfiguration = [WebMergedContextConfiguration@13d73f29 testClass = TestMessageController, locations = '{}', classes = '{class com.Application}', contextInitializerClasses = '[]', activeProfiles = '{}', propertySourceLocations = '{}', propertySourceProperties = '{org.springframework.boot.test.context.SpringBootTestContextBootstrapper=true}', contextCustomizers = set[org.springframework.boot.test.context.filter.ExcludeFilterContextCustomizer@71d44a3, org.springframework.boot.test.json.DuplicateJsonObjectContextCustomizerFactory$DuplicateJsonObjectContextCustomizer@34123d65, org.springframework.boot.test.mock.mockito.MockitoContextCustomizer@0, org.springframework.boot.test.web.client.TestRestTemplateContextCustomizer@4afcd809, org.springframework.boot.test.autoconfigure.properties.PropertyMappingContextCustomizer@0, org.springframework.boot.test.autoconfigure.web.servlet.WebDriverContextCustomizerFactory$Customizer@44c03695], resourceBasePath = 'src/main/webapp', contextLoader = 'org.springframework.boot.test.context.SpringBootContextLoader', parent = [null]], attributes = map['org.springframework.test.context.web.ServletTestExecutionListener.activateListener' -> true]], class annotated with @DirtiesContext [false] with mode [null].
04:15:57.295 [main] DEBUG org.springframework.test.context.support.TestPropertySourceUtils - Adding inlined properties to environment: {spring.jmx.enabled=false, org.springframework.boot.test.context.SpringBootTestContextBootstrapper=true, server.port=-1}

  .   ____          _            __ _ _
 /\\ / ___'_ __ _ _(_)_ __  __ _ \ \ \ \
( ( )\___ | '_ | '_| | '_ \/ _` | \ \ \ \
 \\/  ___)| |_)| | | | | || (_| |  ) ) ) )
  '  |____| .__|_| |_|_| |_\__, | / / / /
 =========|_|==============|___/=/_/_/_/
 :: Spring Boot ::        (v2.1.7.RELEASE)

2021-06-02 04:15:57.779  INFO 6819 --- [           main] com.TestMessageController                : Starting TestMessageController on ip-172-31-92-18 with PID 6819 (started by jenkins in /var/lib/jenkins/workspace/DevOps-Final-Assessment-Pipeline)
2021-06-02 04:15:57.781  INFO 6819 --- [           main] com.TestMessageController                : No active profile set, falling back to default profiles: default
2021-06-02 04:16:00.943  INFO 6819 --- [           main] o.s.s.concurrent.ThreadPoolTaskExecutor  : Initializing ExecutorService 'applicationTaskExecutor'
2021-06-02 04:16:01.025  INFO 6819 --- [           main] o.s.b.a.w.s.WelcomePageHandlerMapping    : Adding welcome page: class path resource [static/index.html]
2021-06-02 04:16:01.291  INFO 6819 --- [           main] com.TestMessageController                : Started TestMessageController in 3.972 seconds (JVM running for 5.534)
2021-06-02 04:16:01.628  INFO 6819 --- [           main] com.MessageController                    : hello, its an info
2021-06-02 04:16:01.649  INFO 6819 --- [           main] com.MessageController                    : hello from test app1
[INFO] Tests run: 2, Failures: 0, Errors: 0, Skipped: 0, Time elapsed: 5.111 s - in com.TestMessageController
2021-06-02 04:16:01.745  INFO 6819 --- [       Thread-1] o.s.s.concurrent.ThreadPoolTaskExecutor  : Shutting down ExecutorService 'applicationTaskExecutor'
[INFO] 
[INFO] Results:
[INFO] 
[INFO] Tests run: 2, Failures: 0, Errors: 0, Skipped: 0
[INFO] 
[INFO] 
[INFO] <<< maven-surefire-report-plugin:3.0.0-M5:report (default-cli) < [surefire]test @ bootcamp <<<
[INFO] 
[INFO] 
[INFO] --- maven-surefire-report-plugin:3.0.0-M5:report (default-cli) @ bootcamp ---
[WARNING] Unable to locate Test Source XRef to link to - DISABLED
[INFO] ------------------------------------------------------------------------
[INFO] BUILD SUCCESS
[INFO] ------------------------------------------------------------------------
[INFO] Total time:  9.652 s
[INFO] Finished at: 2021-06-02T04:16:02Z
[INFO] ------------------------------------------------------------------------
[Pipeline] publishHTML
[htmlpublisher] Archiving HTML reports...
[htmlpublisher] Archiving at PROJECT level /var/lib/jenkins/workspace/DevOps-Final-Assessment-Pipeline/target/site to /var/lib/jenkins/jobs/DevOps-Final-Assessment-Pipeline/htmlreports/HTML_20Report
[Pipeline] echo
HTML Report Completed
[Pipeline] }
[Pipeline] // stage
[Pipeline] stage
[Pipeline] { (Build Docker Image)
[Pipeline] echo
Biswarup Jenkins - Build Docker Image
[Pipeline] sh
+ /var/lib/jenkins/tools/org.jenkinsci.plugins.docker.commons.tools.DockerTool/docker/bin/docker build -t biswa539/devopsfinalassessment:1.0.0 .
Sending build context to Docker daemon  17.59MB

Step 1/3 : FROM openjdk:8-jdk-alpine
8-jdk-alpine: Pulling from library/openjdk
e7c96db7181b: Pulling fs layer
f910a506b6cb: Pulling fs layer
c2274a1a0e27: Pulling fs layer
f910a506b6cb: Verifying Checksum
f910a506b6cb: Download complete
e7c96db7181b: Verifying Checksum
e7c96db7181b: Download complete
e7c96db7181b: Pull complete
f910a506b6cb: Pull complete
c2274a1a0e27: Verifying Checksum
c2274a1a0e27: Download complete
c2274a1a0e27: Pull complete
Digest: sha256:94792824df2df33402f201713f932b58cb9de94a0cd524164a0f2283343547b3
Status: Downloaded newer image for openjdk:8-jdk-alpine
 ---> a3562aa0b991
Step 2/3 : COPY target/*.jar app.jar
 ---> 44a2b4fc46cd
Step 3/3 : ENTRYPOINT ["java","-jar","/app.jar"]
 ---> Running in 5878052b2bbf
Removing intermediate container 5878052b2bbf
 ---> db06c6cbd8ec
Successfully built db06c6cbd8ec
Successfully tagged biswa539/devopsfinalassessment:1.0.0
[Pipeline] echo
Build Docker Completed
[Pipeline] }
[Pipeline] // stage
[Pipeline] stage
[Pipeline] { (Push Docker Image)
[Pipeline] echo
Biswarup Jenkins - Push Docker Image
[Pipeline] withCredentials
Masking supported pattern matches of $dockerpwd
[Pipeline] {
[Pipeline] sh
Warning: A secret was passed to "sh" using Groovy String interpolation, which is insecure.
		 Affected argument(s) used the following variable(s): [dockerpwd]
		 See https://jenkins.io/redirect/groovy-string-interpolation for details.
+ /var/lib/jenkins/tools/org.jenkinsci.plugins.docker.commons.tools.DockerTool/docker/bin/docker login -u biswa539 -p ****
Login Succeeded
[Pipeline] sh
+ /var/lib/jenkins/tools/org.jenkinsci.plugins.docker.commons.tools.DockerTool/docker/bin/docker push biswa539/devopsfinalassessment:1.0.0
The push refers to repository [docker.io/biswa539/devopsfinalassessment]
81f29f2ad494: Preparing
ceaf9e1ebef5: Preparing
9b9b7f3d56a0: Preparing
f1b5933fe4b5: Preparing
f1b5933fe4b5: Mounted from library/openjdk
9b9b7f3d56a0: Mounted from library/openjdk
ceaf9e1ebef5: Mounted from library/openjdk
81f29f2ad494: Pushed
1.0.0: digest: sha256:99c736d6fcd83e737ad05db8b922c86d36206b2ca852e36740601ecfda3604c8 size: 1159
[Pipeline] }
[Pipeline] // withCredentials
[Pipeline] echo
Docker Push Completed
[Pipeline] }
[Pipeline] // stage
[Pipeline] stage
[Pipeline] { (Ansible)
[Pipeline] echo
Biswarup Jenkins - Ansible
[Pipeline] ansiblePlaybook
[DevOps-Final-Assessment-Pipeline] $ /usr/bin/ansible-playbook ansible-playbook.yml -i /etc/ansible/hosts --private-key /var/lib/jenkins/workspace/DevOps-Final-Assessment-Pipeline/ssh3820752719755079878.key -u ubuntu

PLAY [all] *********************************************************************

TASK [Gathering Facts] *********************************************************
ok: [172.31.89.148]

TASK [Install Docker] **********************************************************
ok: [172.31.89.148]

TASK [Docker Service Started] **************************************************
ok: [172.31.89.148]

TASK [Docker Run] **************************************************************
[WARNING]: Consider using 'become', 'become_method', and 'become_user' rather
than running sudo
changed: [172.31.89.148]

PLAY RECAP *********************************************************************
172.31.89.148              : ok=4    changed=1    unreachable=0    failed=0    skipped=0    rescued=0    ignored=0   

[Pipeline] echo
Ansible Completed
[Pipeline] }
[Pipeline] // stage
[Pipeline] stage
[Pipeline] { (Successful Mail)
[Pipeline] echo
Biswarup Jenkins - Successful Email Trigerred
[Pipeline] emailext
Sending email to: biswarupnandi92@gmail.com
[Pipeline] }
[Pipeline] // stage
[Pipeline] }
[Pipeline] // node
[Pipeline] node
Running on Jenkins in /var/lib/jenkins/workspace/DevOps-Final-Assessment-Pipeline
[Pipeline] {
[Pipeline] echo
Biswarup Jenkins - Finally Block
[Pipeline] }
[Pipeline] // node
[Pipeline] End of Pipeline
Finished: SUCCESS